<?xml version="1.0" encoding="UTF-8"?>
<testsuite xmlns:xsi="http://www.w3.org/2001/XMLSchema-instance" xsi:noNamespaceSchemaLocation="https://maven.apache.org/surefire/maven-surefire-plugin/xsd/surefire-test-report-3.0.xsd" version="3.0" name="runner.RunCucumberTest" time="126.216" tests="75" errors="0" skipped="0" failures="0">
  <properties>
    <property name="sun.desktop" value="windows"/>
    <property name="awt.toolkit" value="sun.awt.windows.WToolkit"/>
    <property name="file.encoding.pkg" value="sun.io"/>
    <property name="java.specification.version" value="1.8"/>
    <property name="sun.cpu.isalist" value="amd64"/>
    <property name="sun.jnu.encoding" value="Cp1252"/>
    <property name="java.class.path" value="C:\Users\Gileno OP\OneDrive - Metatron\Área de Trabalho\Curso Automacao\AutTestesAvancaComSeleniumJava\target\test-classes;C:\Users\Gileno OP\OneDrive - Metatron\Área de Trabalho\Curso Automacao\AutTestesAvancaComSeleniumJava\target\classes;C:\Users\Gileno OP\.m2\repository\org\apache\maven\plugins\maven-compiler-plugin\3.10.1\maven-compiler-plugin-3.10.1.jar;C:\Users\Gileno OP\.m2\repository\org\apache\maven\shared\maven-shared-utils\3.3.4\maven-shared-utils-3.3.4.jar;C:\Users\Gileno OP\.m2\repository\commons-io\commons-io\2.6\commons-io-2.6.jar;C:\Users\Gileno OP\.m2\repository\org\apache\maven\shared\maven-shared-incremental\1.1\maven-shared-incremental-1.1.jar;C:\Users\Gileno OP\.m2\repository\org\codehaus\plexus\plexus-component-annotations\1.5.5\plexus-component-annotations-1.5.5.jar;C:\Users\Gileno OP\.m2\repository\org\codehaus\plexus\plexus-java\1.1.1\plexus-java-1.1.1.jar;C:\Users\Gileno OP\.m2\repository\org\ow2\asm\asm\9.2\asm-9.2.jar;C:\Users\Gileno OP\.m2\repository\com\thoughtworks\qdox\qdox\2.0.1\qdox-2.0.1.jar;C:\Users\Gileno OP\.m2\repository\org\codehaus\plexus\plexus-compiler-api\2.11.1\plexus-compiler-api-2.11.1.jar;C:\Users\Gileno OP\.m2\repository\org\codehaus\plexus\plexus-compiler-manager\2.11.1\plexus-compiler-manager-2.11.1.jar;C:\Users\Gileno OP\.m2\repository\org\codehaus\plexus\plexus-compiler-javac\2.11.1\plexus-compiler-javac-2.11.1.jar;C:\Users\Gileno OP\.m2\repository\io\cucumber\cucumber-junit\1.2.6\cucumber-junit-1.2.6.jar;C:\Users\Gileno OP\.m2\repository\io\cucumber\cucumber-core\1.2.6\cucumber-core-1.2.6.jar;C:\Users\Gileno OP\.m2\repository\info\cukes\cucumber-html\0.2.3\cucumber-html-0.2.3.jar;C:\Users\Gileno OP\.m2\repository\info\cukes\cucumber-jvm-deps\1.0.5\cucumber-jvm-deps-1.0.5.jar;C:\Users\Gileno OP\.m2\repository\info\cukes\gherkin\2.12.2\gherkin-2.12.2.jar;C:\Users\Gileno OP\.m2\repository\junit\junit\4.12\junit-4.12.jar;C:\Users\Gileno OP\.m2\repository\org\hamcrest\hamcrest-core\1.3\hamcrest-core-1.3.jar;C:\Users\Gileno OP\.m2\repository\io\cucumber\cucumber-java\1.2.6\cucumber-java-1.2.6.jar;C:\Users\Gileno OP\.m2\repository\org\seleniumhq\selenium\selenium-java\4.8.0\selenium-java-4.8.0.jar;C:\Users\Gileno OP\.m2\repository\org\seleniumhq\selenium\selenium-api\4.8.0\selenium-api-4.8.0.jar;C:\Users\Gileno OP\.m2\repository\org\seleniumhq\selenium\selenium-chrome-driver\4.8.0\selenium-chrome-driver-4.8.0.jar;C:\Users\Gileno OP\.m2\repository\com\google\auto\service\auto-service-annotations\1.0.1\auto-service-annotations-1.0.1.jar;C:\Users\Gileno OP\.m2\repository\com\google\auto\service\auto-service\1.0.1\auto-service-1.0.1.jar;C:\Users\Gileno OP\.m2\repository\com\google\auto\auto-common\1.2\auto-common-1.2.jar;C:\Users\Gileno OP\.m2\repository\com\google\guava\guava\31.1-jre\guava-31.1-jre.jar;C:\Users\Gileno OP\.m2\repository\com\google\guava\failureaccess\1.0.1\failureaccess-1.0.1.jar;C:\Users\Gileno OP\.m2\repository\com\google\guava\listenablefuture\9999.0-empty-to-avoid-conflict-with-guava\listenablefuture-9999.0-empty-to-avoid-conflict-with-guava.jar;C:\Users\Gileno OP\.m2\repository\com\google\code\findbugs\jsr305\3.0.2\jsr305-3.0.2.jar;C:\Users\Gileno OP\.m2\repository\org\checkerframework\checker-qual\3.12.0\checker-qual-3.12.0.jar;C:\Users\Gileno OP\.m2\repository\com\google\errorprone\error_prone_annotations\2.11.0\error_prone_annotations-2.11.0.jar;C:\Users\Gileno OP\.m2\repository\com\google\j2objc\j2objc-annotations\1.3\j2objc-annotations-1.3.jar;C:\Users\Gileno OP\.m2\repository\org\seleniumhq\selenium\selenium-chromium-driver\4.8.0\selenium-chromium-driver-4.8.0.jar;C:\Users\Gileno OP\.m2\repository\org\seleniumhq\selenium\selenium-json\4.8.0\selenium-json-4.8.0.jar;C:\Users\Gileno OP\.m2\repository\org\seleniumhq\selenium\selenium-devtools-v107\4.8.0\selenium-devtools-v107-4.8.0.jar;C:\Users\Gileno OP\.m2\repository\org\seleniumhq\selenium\selenium-devtools-v108\4.8.0\selenium-devtools-v108-4.8.0.jar;C:\Users\Gileno OP\.m2\repository\org\seleniumhq\selenium\selenium-devtools-v109\4.8.0\selenium-devtools-v109-4.8.0.jar;C:\Users\Gileno OP\.m2\repository\org\seleniumhq\selenium\selenium-devtools-v85\4.8.0\selenium-devtools-v85-4.8.0.jar;C:\Users\Gileno OP\.m2\repository\org\seleniumhq\selenium\selenium-edge-driver\4.8.0\selenium-edge-driver-4.8.0.jar;C:\Users\Gileno OP\.m2\repository\org\seleniumhq\selenium\selenium-firefox-driver\4.8.0\selenium-firefox-driver-4.8.0.jar;C:\Users\Gileno OP\.m2\repository\org\seleniumhq\selenium\selenium-http\4.8.0\selenium-http-4.8.0.jar;C:\Users\Gileno OP\.m2\repository\dev\failsafe\failsafe\3.3.0\failsafe-3.3.0.jar;C:\Users\Gileno OP\.m2\repository\org\seleniumhq\selenium\selenium-ie-driver\4.8.0\selenium-ie-driver-4.8.0.jar;C:\Users\Gileno OP\.m2\repository\org\seleniumhq\selenium\selenium-remote-driver\4.8.0\selenium-remote-driver-4.8.0.jar;C:\Users\Gileno OP\.m2\repository\com\beust\jcommander\1.82\jcommander-1.82.jar;C:\Users\Gileno OP\.m2\repository\io\netty\netty-buffer\4.1.87.Final\netty-buffer-4.1.87.Final.jar;C:\Users\Gileno OP\.m2\repository\io\netty\netty-codec-http\4.1.87.Final\netty-codec-http-4.1.87.Final.jar;C:\Users\Gileno OP\.m2\repository\io\netty\netty-codec\4.1.87.Final\netty-codec-4.1.87.Final.jar;C:\Users\Gileno OP\.m2\repository\io\netty\netty-handler\4.1.87.Final\netty-handler-4.1.87.Final.jar;C:\Users\Gileno OP\.m2\repository\io\netty\netty-common\4.1.87.Final\netty-common-4.1.87.Final.jar;C:\Users\Gileno OP\.m2\repository\io\netty\netty-transport-classes-epoll\4.1.87.Final\netty-transport-classes-epoll-4.1.87.Final.jar;C:\Users\Gileno OP\.m2\repository\io\netty\netty-transport-classes-kqueue\4.1.87.Final\netty-transport-classes-kqueue-4.1.87.Final.jar;C:\Users\Gileno OP\.m2\repository\io\netty\netty-transport-native-epoll\4.1.87.Final\netty-transport-native-epoll-4.1.87.Final.jar;C:\Users\Gileno OP\.m2\repository\io\netty\netty-transport-native-kqueue\4.1.87.Final\netty-transport-native-kqueue-4.1.87.Final.jar;C:\Users\Gileno OP\.m2\repository\io\netty\netty-transport-native-unix-common\4.1.87.Final\netty-transport-native-unix-common-4.1.87.Final.jar;C:\Users\Gileno OP\.m2\repository\io\netty\netty-transport\4.1.87.Final\netty-transport-4.1.87.Final.jar;C:\Users\Gileno OP\.m2\repository\io\netty\netty-resolver\4.1.87.Final\netty-resolver-4.1.87.Final.jar;C:\Users\Gileno OP\.m2\repository\io\opentelemetry\opentelemetry-api\1.22.0\opentelemetry-api-1.22.0.jar;C:\Users\Gileno OP\.m2\repository\io\opentelemetry\opentelemetry-context\1.22.0\opentelemetry-context-1.22.0.jar;C:\Users\Gileno OP\.m2\repository\io\opentelemetry\opentelemetry-exporter-logging\1.22.0\opentelemetry-exporter-logging-1.22.0.jar;C:\Users\Gileno OP\.m2\repository\io\opentelemetry\opentelemetry-sdk-metrics\1.22.0\opentelemetry-sdk-metrics-1.22.0.jar;C:\Users\Gileno OP\.m2\repository\io\opentelemetry\opentelemetry-sdk-logs\1.22.0-alpha\opentelemetry-sdk-logs-1.22.0-alpha.jar;C:\Users\Gileno OP\.m2\repository\io\opentelemetry\opentelemetry-api-logs\1.22.0-alpha\opentelemetry-api-logs-1.22.0-alpha.jar;C:\Users\Gileno OP\.m2\repository\io\opentelemetry\opentelemetry-sdk-common\1.22.0\opentelemetry-sdk-common-1.22.0.jar;C:\Users\Gileno OP\.m2\repository\io\opentelemetry\opentelemetry-sdk-extension-autoconfigure-spi\1.22.0\opentelemetry-sdk-extension-autoconfigure-spi-1.22.0.jar;C:\Users\Gileno OP\.m2\repository\io\opentelemetry\opentelemetry-sdk-extension-autoconfigure\1.22.0-alpha\opentelemetry-sdk-extension-autoconfigure-1.22.0-alpha.jar;C:\Users\Gileno OP\.m2\repository\io\opentelemetry\opentelemetry-sdk-trace\1.22.0\opentelemetry-sdk-trace-1.22.0.jar;C:\Users\Gileno OP\.m2\repository\io\opentelemetry\opentelemetry-sdk\1.22.0\opentelemetry-sdk-1.22.0.jar;C:\Users\Gileno OP\.m2\repository\io\opentelemetry\opentelemetry-semconv\1.22.0-alpha\opentelemetry-semconv-1.22.0-alpha.jar;C:\Users\Gileno OP\.m2\repository\io\ous\jtoml\2.0.0\jtoml-2.0.0.jar;C:\Users\Gileno OP\.m2\repository\net\bytebuddy\byte-buddy\1.12.22\byte-buddy-1.12.22.jar;C:\Users\Gileno OP\.m2\repository\org\apache\commons\commons-exec\1.3\commons-exec-1.3.jar;C:\Users\Gileno OP\.m2\repository\org\asynchttpclient\async-http-client\2.12.3\async-http-client-2.12.3.jar;C:\Users\Gileno OP\.m2\repository\org\asynchttpclient\async-http-client-netty-utils\2.12.3\async-http-client-netty-utils-2.12.3.jar;C:\Users\Gileno OP\.m2\repository\io\netty\netty-codec-socks\4.1.60.Final\netty-codec-socks-4.1.60.Final.jar;C:\Users\Gileno OP\.m2\repository\io\netty\netty-handler-proxy\4.1.60.Final\netty-handler-proxy-4.1.60.Final.jar;C:\Users\Gileno OP\.m2\repository\io\netty\netty-transport-native-epoll\4.1.60.Final\netty-transport-native-epoll-4.1.60.Final-linux-x86_64.jar;C:\Users\Gileno OP\.m2\repository\io\netty\netty-transport-native-kqueue\4.1.60.Final\netty-transport-native-kqueue-4.1.60.Final-osx-x86_64.jar;C:\Users\Gileno OP\.m2\repository\org\reactivestreams\reactive-streams\1.0.3\reactive-streams-1.0.3.jar;C:\Users\Gileno OP\.m2\repository\com\typesafe\netty\netty-reactive-streams\2.0.4\netty-reactive-streams-2.0.4.jar;C:\Users\Gileno OP\.m2\repository\com\sun\activation\jakarta.activation\1.2.2\jakarta.activation-1.2.2.jar;C:\Users\Gileno OP\.m2\repository\org\seleniumhq\selenium\selenium-manager\4.8.0\selenium-manager-4.8.0.jar;C:\Users\Gileno OP\.m2\repository\org\seleniumhq\selenium\selenium-safari-driver\4.8.0\selenium-safari-driver-4.8.0.jar;C:\Users\Gileno OP\.m2\repository\org\seleniumhq\selenium\selenium-support\4.8.0\selenium-support-4.8.0.jar;C:\Users\Gileno OP\.m2\repository\org\slf4j\slf4j-simple\2.0.6\slf4j-simple-2.0.6.jar;C:\Users\Gileno OP\.m2\repository\org\slf4j\slf4j-api\2.0.6\slf4j-api-2.0.6.jar;C:\Users\Gileno OP\.m2\repository\com\trivago\rta\cluecumber-report-plugin\2.9.4\cluecumber-report-plugin-2.9.4.jar;C:\Users\Gileno OP\.m2\repository\javax\inject\javax.inject\1\javax.inject-1.jar;C:\Users\Gileno OP\.m2\repository\org\apache\maven\maven-plugin-api\3.8.5\maven-plugin-api-3.8.5.jar;C:\Users\Gileno OP\.m2\repository\org\apache\maven\maven-model\3.8.5\maven-model-3.8.5.jar;C:\Users\Gileno OP\.m2\repository\org\apache\maven\maven-artifact\3.8.5\maven-artifact-3.8.5.jar;C:\Users\Gileno OP\.m2\repository\org\apache\commons\commons-lang3\3.8.1\commons-lang3-3.8.1.jar;C:\Users\Gileno OP\.m2\repository\org\eclipse\sisu\org.eclipse.sisu.plexus\0.3.5\org.eclipse.sisu.plexus-0.3.5.jar;C:\Users\Gileno OP\.m2\repository\javax\annotation\javax.annotation-api\1.2\javax.annotation-api-1.2.jar;C:\Users\Gileno OP\.m2\repository\org\eclipse\sisu\org.eclipse.sisu.inject\0.3.5\org.eclipse.sisu.inject-0.3.5.jar;C:\Users\Gileno OP\.m2\repository\org\codehaus\plexus\plexus-classworlds\2.6.0\plexus-classworlds-2.6.0.jar;C:\Users\Gileno OP\.m2\repository\com\google\code\gson\gson\2.9.0\gson-2.9.0.jar;C:\Users\Gileno OP\.m2\repository\io\gsonfire\gson-fire\1.9.0-alpha2\gson-fire-1.9.0-alpha2.jar;C:\Users\Gileno OP\.m2\repository\org\freemarker\freemarker\2.3.31\freemarker-2.3.31.jar;C:\Users\Gileno OP\.m2\repository\org\codehaus\plexus\plexus-utils\3.4.2\plexus-utils-3.4.2.jar;C:\Users\Gileno OP\.m2\repository\org\apache\maven\plugins\maven-surefire-plugin\3.0.0-M8\maven-surefire-plugin-3.0.0-M8.jar;C:\Users\Gileno OP\.m2\repository\org\apache\maven\surefire\maven-surefire-common\3.0.0-M8\maven-surefire-common-3.0.0-M8.jar;C:\Users\Gileno OP\.m2\repository\org\apache\maven\surefire\surefire-api\3.0.0-M8\surefire-api-3.0.0-M8.jar;C:\Users\Gileno OP\.m2\repository\org\apache\maven\surefire\surefire-logger-api\3.0.0-M8\surefire-logger-api-3.0.0-M8.jar;C:\Users\Gileno OP\.m2\repository\org\apache\maven\surefire\surefire-extensions-api\3.0.0-M8\surefire-extensions-api-3.0.0-M8.jar;C:\Users\Gileno OP\.m2\repository\org\apache\maven\surefire\surefire-booter\3.0.0-M8\surefire-booter-3.0.0-M8.jar;C:\Users\Gileno OP\.m2\repository\org\apache\maven\surefire\surefire-extensions-spi\3.0.0-M8\surefire-extensions-spi-3.0.0-M8.jar;C:\Users\Gileno OP\.m2\repository\org\apache\maven\shared\maven-common-artifact-filters\3.1.1\maven-common-artifact-filters-3.1.1.jar;C:\Users\Gileno OP\.m2\repository\org\apache\maven\maven-core\3.1.0\maven-core-3.1.0.jar;C:\Users\Gileno OP\.m2\repository\org\apache\maven\maven-settings\3.1.0\maven-settings-3.1.0.jar;C:\Users\Gileno OP\.m2\repository\org\apache\maven\maven-settings-builder\3.1.0\maven-settings-builder-3.1.0.jar;C:\Users\Gileno OP\.m2\repository\org\apache\maven\maven-repository-metadata\3.1.0\maven-repository-metadata-3.1.0.jar;C:\Users\Gileno OP\.m2\repository\org\apache\maven\maven-model-builder\3.1.0\maven-model-builder-3.1.0.jar;C:\Users\Gileno OP\.m2\repository\org\apache\maven\maven-aether-provider\3.1.0\maven-aether-provider-3.1.0.jar;C:\Users\Gileno OP\.m2\repository\org\eclipse\aether\aether-spi\0.9.0.M2\aether-spi-0.9.0.M2.jar;C:\Users\Gileno OP\.m2\repository\org\eclipse\aether\aether-impl\0.9.0.M2\aether-impl-0.9.0.M2.jar;C:\Users\Gileno OP\.m2\repository\org\eclipse\aether\aether-api\0.9.0.M2\aether-api-0.9.0.M2.jar;C:\Users\Gileno OP\.m2\repository\org\eclipse\aether\aether-util\0.9.0.M2\aether-util-0.9.0.M2.jar;C:\Users\Gileno OP\.m2\repository\org\codehaus\plexus\plexus-interpolation\1.16\plexus-interpolation-1.16.jar;C:\Users\Gileno OP\.m2\repository\org\sonatype\plexus\plexus-sec-dispatcher\1.3\plexus-sec-dispatcher-1.3.jar;C:\Users\Gileno OP\.m2\repository\org\sonatype\plexus\plexus-cipher\1.4\plexus-cipher-1.4.jar;C:\Users\Gileno OP\.m2\repository\org\apache\maven\surefire\surefire-shared-utils\3.0.0-M8\surefire-shared-utils-3.0.0-M8.jar;"/>
    <property name="java.vm.vendor" value="Oracle Corporation"/>
    <property name="sun.arch.data.model" value="64"/>
    <property name="user.variant" value=""/>
    <property name="java.vendor.url" value="http://java.oracle.com/"/>
    <property name="user.timezone" value="America/Sao_Paulo"/>
    <property name="java.vm.specification.version" value="1.8"/>
    <property name="os.name" value="Windows 11"/>
    <property name="user.country" value="BR"/>
    <property name="sun.java.launcher" value="SUN_STANDARD"/>
    <property name="sun.boot.library.path" value="C:\Program Files\Java\jdk1.8.0_351\jre\bin"/>
    <property name="sun.java.command" value="C:\Users\Gileno OP\AppData\Local\Temp\surefire407139147571604482\surefirebooter-20230213203145380_3.jar C:\Users\Gileno OP\AppData\Local\Temp\surefire407139147571604482 2023-02-13T20-31-44_836-jvmRun1 surefire-20230213203145380_1tmp surefire_0-20230213203145380_2tmp"/>
    <property name="test" value="**/*RunCucumberTest"/>
    <property name="surefire.test.class.path" value="C:\Users\Gileno OP\OneDrive - Metatron\Área de Trabalho\Curso Automacao\AutTestesAvancaComSeleniumJava\target\test-classes;C:\Users\Gileno OP\OneDrive - Metatron\Área de Trabalho\Curso Automacao\AutTestesAvancaComSeleniumJava\target\classes;C:\Users\Gileno OP\.m2\repository\org\apache\maven\plugins\maven-compiler-plugin\3.10.1\maven-compiler-plugin-3.10.1.jar;C:\Users\Gileno OP\.m2\repository\org\apache\maven\shared\maven-shared-utils\3.3.4\maven-shared-utils-3.3.4.jar;C:\Users\Gileno OP\.m2\repository\commons-io\commons-io\2.6\commons-io-2.6.jar;C:\Users\Gileno OP\.m2\repository\org\apache\maven\shared\maven-shared-incremental\1.1\maven-shared-incremental-1.1.jar;C:\Users\Gileno OP\.m2\repository\org\codehaus\plexus\plexus-component-annotations\1.5.5\plexus-component-annotations-1.5.5.jar;C:\Users\Gileno OP\.m2\repository\org\codehaus\plexus\plexus-java\1.1.1\plexus-java-1.1.1.jar;C:\Users\Gileno OP\.m2\repository\org\ow2\asm\asm\9.2\asm-9.2.jar;C:\Users\Gileno OP\.m2\repository\com\thoughtworks\qdox\qdox\2.0.1\qdox-2.0.1.jar;C:\Users\Gileno OP\.m2\repository\org\codehaus\plexus\plexus-compiler-api\2.11.1\plexus-compiler-api-2.11.1.jar;C:\Users\Gileno OP\.m2\repository\org\codehaus\plexus\plexus-compiler-manager\2.11.1\plexus-compiler-manager-2.11.1.jar;C:\Users\Gileno OP\.m2\repository\org\codehaus\plexus\plexus-compiler-javac\2.11.1\plexus-compiler-javac-2.11.1.jar;C:\Users\Gileno OP\.m2\repository\io\cucumber\cucumber-junit\1.2.6\cucumber-junit-1.2.6.jar;C:\Users\Gileno OP\.m2\repository\io\cucumber\cucumber-core\1.2.6\cucumber-core-1.2.6.jar;C:\Users\Gileno OP\.m2\repository\info\cukes\cucumber-html\0.2.3\cucumber-html-0.2.3.jar;C:\Users\Gileno OP\.m2\repository\info\cukes\cucumber-jvm-deps\1.0.5\cucumber-jvm-deps-1.0.5.jar;C:\Users\Gileno OP\.m2\repository\info\cukes\gherkin\2.12.2\gherkin-2.12.2.jar;C:\Users\Gileno OP\.m2\repository\junit\junit\4.12\junit-4.12.jar;C:\Users\Gileno OP\.m2\repository\org\hamcrest\hamcrest-core\1.3\hamcrest-core-1.3.jar;C:\Users\Gileno OP\.m2\repository\io\cucumber\cucumber-java\1.2.6\cucumber-java-1.2.6.jar;C:\Users\Gileno OP\.m2\repository\org\seleniumhq\selenium\selenium-java\4.8.0\selenium-java-4.8.0.jar;C:\Users\Gileno OP\.m2\repository\org\seleniumhq\selenium\selenium-api\4.8.0\selenium-api-4.8.0.jar;C:\Users\Gileno OP\.m2\repository\org\seleniumhq\selenium\selenium-chrome-driver\4.8.0\selenium-chrome-driver-4.8.0.jar;C:\Users\Gileno OP\.m2\repository\com\google\auto\service\auto-service-annotations\1.0.1\auto-service-annotations-1.0.1.jar;C:\Users\Gileno OP\.m2\repository\com\google\auto\service\auto-service\1.0.1\auto-service-1.0.1.jar;C:\Users\Gileno OP\.m2\repository\com\google\auto\auto-common\1.2\auto-common-1.2.jar;C:\Users\Gileno OP\.m2\repository\com\google\guava\guava\31.1-jre\guava-31.1-jre.jar;C:\Users\Gileno OP\.m2\repository\com\google\guava\failureaccess\1.0.1\failureaccess-1.0.1.jar;C:\Users\Gileno OP\.m2\repository\com\google\guava\listenablefuture\9999.0-empty-to-avoid-conflict-with-guava\listenablefuture-9999.0-empty-to-avoid-conflict-with-guava.jar;C:\Users\Gileno OP\.m2\repository\com\google\code\findbugs\jsr305\3.0.2\jsr305-3.0.2.jar;C:\Users\Gileno OP\.m2\repository\org\checkerframework\checker-qual\3.12.0\checker-qual-3.12.0.jar;C:\Users\Gileno OP\.m2\repository\com\google\errorprone\error_prone_annotations\2.11.0\error_prone_annotations-2.11.0.jar;C:\Users\Gileno OP\.m2\repository\com\google\j2objc\j2objc-annotations\1.3\j2objc-annotations-1.3.jar;C:\Users\Gileno OP\.m2\repository\org\seleniumhq\selenium\selenium-chromium-driver\4.8.0\selenium-chromium-driver-4.8.0.jar;C:\Users\Gileno OP\.m2\repository\org\seleniumhq\selenium\selenium-json\4.8.0\selenium-json-4.8.0.jar;C:\Users\Gileno OP\.m2\repository\org\seleniumhq\selenium\selenium-devtools-v107\4.8.0\selenium-devtools-v107-4.8.0.jar;C:\Users\Gileno OP\.m2\repository\org\seleniumhq\selenium\selenium-devtools-v108\4.8.0\selenium-devtools-v108-4.8.0.jar;C:\Users\Gileno OP\.m2\repository\org\seleniumhq\selenium\selenium-devtools-v109\4.8.0\selenium-devtools-v109-4.8.0.jar;C:\Users\Gileno OP\.m2\repository\org\seleniumhq\selenium\selenium-devtools-v85\4.8.0\selenium-devtools-v85-4.8.0.jar;C:\Users\Gileno OP\.m2\repository\org\seleniumhq\selenium\selenium-edge-driver\4.8.0\selenium-edge-driver-4.8.0.jar;C:\Users\Gileno OP\.m2\repository\org\seleniumhq\selenium\selenium-firefox-driver\4.8.0\selenium-firefox-driver-4.8.0.jar;C:\Users\Gileno OP\.m2\repository\org\seleniumhq\selenium\selenium-http\4.8.0\selenium-http-4.8.0.jar;C:\Users\Gileno OP\.m2\repository\dev\failsafe\failsafe\3.3.0\failsafe-3.3.0.jar;C:\Users\Gileno OP\.m2\repository\org\seleniumhq\selenium\selenium-ie-driver\4.8.0\selenium-ie-driver-4.8.0.jar;C:\Users\Gileno OP\.m2\repository\org\seleniumhq\selenium\selenium-remote-driver\4.8.0\selenium-remote-driver-4.8.0.jar;C:\Users\Gileno OP\.m2\repository\com\beust\jcommander\1.82\jcommander-1.82.jar;C:\Users\Gileno OP\.m2\repository\io\netty\netty-buffer\4.1.87.Final\netty-buffer-4.1.87.Final.jar;C:\Users\Gileno OP\.m2\repository\io\netty\netty-codec-http\4.1.87.Final\netty-codec-http-4.1.87.Final.jar;C:\Users\Gileno OP\.m2\repository\io\netty\netty-codec\4.1.87.Final\netty-codec-4.1.87.Final.jar;C:\Users\Gileno OP\.m2\repository\io\netty\netty-handler\4.1.87.Final\netty-handler-4.1.87.Final.jar;C:\Users\Gileno OP\.m2\repository\io\netty\netty-common\4.1.87.Final\netty-common-4.1.87.Final.jar;C:\Users\Gileno OP\.m2\repository\io\netty\netty-transport-classes-epoll\4.1.87.Final\netty-transport-classes-epoll-4.1.87.Final.jar;C:\Users\Gileno OP\.m2\repository\io\netty\netty-transport-classes-kqueue\4.1.87.Final\netty-transport-classes-kqueue-4.1.87.Final.jar;C:\Users\Gileno OP\.m2\repository\io\netty\netty-transport-native-epoll\4.1.87.Final\netty-transport-native-epoll-4.1.87.Final.jar;C:\Users\Gileno OP\.m2\repository\io\netty\netty-transport-native-kqueue\4.1.87.Final\netty-transport-native-kqueue-4.1.87.Final.jar;C:\Users\Gileno OP\.m2\repository\io\netty\netty-transport-native-unix-common\4.1.87.Final\netty-transport-native-unix-common-4.1.87.Final.jar;C:\Users\Gileno OP\.m2\repository\io\netty\netty-transport\4.1.87.Final\netty-transport-4.1.87.Final.jar;C:\Users\Gileno OP\.m2\repository\io\netty\netty-resolver\4.1.87.Final\netty-resolver-4.1.87.Final.jar;C:\Users\Gileno OP\.m2\repository\io\opentelemetry\opentelemetry-api\1.22.0\opentelemetry-api-1.22.0.jar;C:\Users\Gileno OP\.m2\repository\io\opentelemetry\opentelemetry-context\1.22.0\opentelemetry-context-1.22.0.jar;C:\Users\Gileno OP\.m2\repository\io\opentelemetry\opentelemetry-exporter-logging\1.22.0\opentelemetry-exporter-logging-1.22.0.jar;C:\Users\Gileno OP\.m2\repository\io\opentelemetry\opentelemetry-sdk-metrics\1.22.0\opentelemetry-sdk-metrics-1.22.0.jar;C:\Users\Gileno OP\.m2\repository\io\opentelemetry\opentelemetry-sdk-logs\1.22.0-alpha\opentelemetry-sdk-logs-1.22.0-alpha.jar;C:\Users\Gileno OP\.m2\repository\io\opentelemetry\opentelemetry-api-logs\1.22.0-alpha\opentelemetry-api-logs-1.22.0-alpha.jar;C:\Users\Gileno OP\.m2\repository\io\opentelemetry\opentelemetry-sdk-common\1.22.0\opentelemetry-sdk-common-1.22.0.jar;C:\Users\Gileno OP\.m2\repository\io\opentelemetry\opentelemetry-sdk-extension-autoconfigure-spi\1.22.0\opentelemetry-sdk-extension-autoconfigure-spi-1.22.0.jar;C:\Users\Gileno OP\.m2\repository\io\opentelemetry\opentelemetry-sdk-extension-autoconfigure\1.22.0-alpha\opentelemetry-sdk-extension-autoconfigure-1.22.0-alpha.jar;C:\Users\Gileno OP\.m2\repository\io\opentelemetry\opentelemetry-sdk-trace\1.22.0\opentelemetry-sdk-trace-1.22.0.jar;C:\Users\Gileno OP\.m2\repository\io\opentelemetry\opentelemetry-sdk\1.22.0\opentelemetry-sdk-1.22.0.jar;C:\Users\Gileno OP\.m2\repository\io\opentelemetry\opentelemetry-semconv\1.22.0-alpha\opentelemetry-semconv-1.22.0-alpha.jar;C:\Users\Gileno OP\.m2\repository\io\ous\jtoml\2.0.0\jtoml-2.0.0.jar;C:\Users\Gileno OP\.m2\repository\net\bytebuddy\byte-buddy\1.12.22\byte-buddy-1.12.22.jar;C:\Users\Gileno OP\.m2\repository\org\apache\commons\commons-exec\1.3\commons-exec-1.3.jar;C:\Users\Gileno OP\.m2\repository\org\asynchttpclient\async-http-client\2.12.3\async-http-client-2.12.3.jar;C:\Users\Gileno OP\.m2\repository\org\asynchttpclient\async-http-client-netty-utils\2.12.3\async-http-client-netty-utils-2.12.3.jar;C:\Users\Gileno OP\.m2\repository\io\netty\netty-codec-socks\4.1.60.Final\netty-codec-socks-4.1.60.Final.jar;C:\Users\Gileno OP\.m2\repository\io\netty\netty-handler-proxy\4.1.60.Final\netty-handler-proxy-4.1.60.Final.jar;C:\Users\Gileno OP\.m2\repository\io\netty\netty-transport-native-epoll\4.1.60.Final\netty-transport-native-epoll-4.1.60.Final-linux-x86_64.jar;C:\Users\Gileno OP\.m2\repository\io\netty\netty-transport-native-kqueue\4.1.60.Final\netty-transport-native-kqueue-4.1.60.Final-osx-x86_64.jar;C:\Users\Gileno OP\.m2\repository\org\reactivestreams\reactive-streams\1.0.3\reactive-streams-1.0.3.jar;C:\Users\Gileno OP\.m2\repository\com\typesafe\netty\netty-reactive-streams\2.0.4\netty-reactive-streams-2.0.4.jar;C:\Users\Gileno OP\.m2\repository\com\sun\activation\jakarta.activation\1.2.2\jakarta.activation-1.2.2.jar;C:\Users\Gileno OP\.m2\repository\org\seleniumhq\selenium\selenium-manager\4.8.0\selenium-manager-4.8.0.jar;C:\Users\Gileno OP\.m2\repository\org\seleniumhq\selenium\selenium-safari-driver\4.8.0\selenium-safari-driver-4.8.0.jar;C:\Users\Gileno OP\.m2\repository\org\seleniumhq\selenium\selenium-support\4.8.0\selenium-support-4.8.0.jar;C:\Users\Gileno OP\.m2\repository\org\slf4j\slf4j-simple\2.0.6\slf4j-simple-2.0.6.jar;C:\Users\Gileno OP\.m2\repository\org\slf4j\slf4j-api\2.0.6\slf4j-api-2.0.6.jar;C:\Users\Gileno OP\.m2\repository\com\trivago\rta\cluecumber-report-plugin\2.9.4\cluecumber-report-plugin-2.9.4.jar;C:\Users\Gileno OP\.m2\repository\javax\inject\javax.inject\1\javax.inject-1.jar;C:\Users\Gileno OP\.m2\repository\org\apache\maven\maven-plugin-api\3.8.5\maven-plugin-api-3.8.5.jar;C:\Users\Gileno OP\.m2\repository\org\apache\maven\maven-model\3.8.5\maven-model-3.8.5.jar;C:\Users\Gileno OP\.m2\repository\org\apache\maven\maven-artifact\3.8.5\maven-artifact-3.8.5.jar;C:\Users\Gileno OP\.m2\repository\org\apache\commons\commons-lang3\3.8.1\commons-lang3-3.8.1.jar;C:\Users\Gileno OP\.m2\repository\org\eclipse\sisu\org.eclipse.sisu.plexus\0.3.5\org.eclipse.sisu.plexus-0.3.5.jar;C:\Users\Gileno OP\.m2\repository\javax\annotation\javax.annotation-api\1.2\javax.annotation-api-1.2.jar;C:\Users\Gileno OP\.m2\repository\org\eclipse\sisu\org.eclipse.sisu.inject\0.3.5\org.eclipse.sisu.inject-0.3.5.jar;C:\Users\Gileno OP\.m2\repository\org\codehaus\plexus\plexus-classworlds\2.6.0\plexus-classworlds-2.6.0.jar;C:\Users\Gileno OP\.m2\repository\com\google\code\gson\gson\2.9.0\gson-2.9.0.jar;C:\Users\Gileno OP\.m2\repository\io\gsonfire\gson-fire\1.9.0-alpha2\gson-fire-1.9.0-alpha2.jar;C:\Users\Gileno OP\.m2\repository\org\freemarker\freemarker\2.3.31\freemarker-2.3.31.jar;C:\Users\Gileno OP\.m2\repository\org\codehaus\plexus\plexus-utils\3.4.2\plexus-utils-3.4.2.jar;C:\Users\Gileno OP\.m2\repository\org\apache\maven\plugins\maven-surefire-plugin\3.0.0-M8\maven-surefire-plugin-3.0.0-M8.jar;C:\Users\Gileno OP\.m2\repository\org\apache\maven\surefire\maven-surefire-common\3.0.0-M8\maven-surefire-common-3.0.0-M8.jar;C:\Users\Gileno OP\.m2\repository\org\apache\maven\surefire\surefire-api\3.0.0-M8\surefire-api-3.0.0-M8.jar;C:\Users\Gileno OP\.m2\repository\org\apache\maven\surefire\surefire-logger-api\3.0.0-M8\surefire-logger-api-3.0.0-M8.jar;C:\Users\Gileno OP\.m2\repository\org\apache\maven\surefire\surefire-extensions-api\3.0.0-M8\surefire-extensions-api-3.0.0-M8.jar;C:\Users\Gileno OP\.m2\repository\org\apache\maven\surefire\surefire-booter\3.0.0-M8\surefire-booter-3.0.0-M8.jar;C:\Users\Gileno OP\.m2\repository\org\apache\maven\surefire\surefire-extensions-spi\3.0.0-M8\surefire-extensions-spi-3.0.0-M8.jar;C:\Users\Gileno OP\.m2\repository\org\apache\maven\shared\maven-common-artifact-filters\3.1.1\maven-common-artifact-filters-3.1.1.jar;C:\Users\Gileno OP\.m2\repository\org\apache\maven\maven-core\3.1.0\maven-core-3.1.0.jar;C:\Users\Gileno OP\.m2\repository\org\apache\maven\maven-settings\3.1.0\maven-settings-3.1.0.jar;C:\Users\Gileno OP\.m2\repository\org\apache\maven\maven-settings-builder\3.1.0\maven-settings-builder-3.1.0.jar;C:\Users\Gileno OP\.m2\repository\org\apache\maven\maven-repository-metadata\3.1.0\maven-repository-metadata-3.1.0.jar;C:\Users\Gileno OP\.m2\repository\org\apache\maven\maven-model-builder\3.1.0\maven-model-builder-3.1.0.jar;C:\Users\Gileno OP\.m2\repository\org\apache\maven\maven-aether-provider\3.1.0\maven-aether-provider-3.1.0.jar;C:\Users\Gileno OP\.m2\repository\org\eclipse\aether\aether-spi\0.9.0.M2\aether-spi-0.9.0.M2.jar;C:\Users\Gileno OP\.m2\repository\org\eclipse\aether\aether-impl\0.9.0.M2\aether-impl-0.9.0.M2.jar;C:\Users\Gileno OP\.m2\repository\org\eclipse\aether\aether-api\0.9.0.M2\aether-api-0.9.0.M2.jar;C:\Users\Gileno OP\.m2\repository\org\eclipse\aether\aether-util\0.9.0.M2\aether-util-0.9.0.M2.jar;C:\Users\Gileno OP\.m2\repository\org\codehaus\plexus\plexus-interpolation\1.16\plexus-interpolation-1.16.jar;C:\Users\Gileno OP\.m2\repository\org\sonatype\plexus\plexus-sec-dispatcher\1.3\plexus-sec-dispatcher-1.3.jar;C:\Users\Gileno OP\.m2\repository\org\sonatype\plexus\plexus-cipher\1.4\plexus-cipher-1.4.jar;C:\Users\Gileno OP\.m2\repository\org\apache\maven\surefire\surefire-shared-utils\3.0.0-M8\surefire-shared-utils-3.0.0-M8.jar;"/>
    <property name="sun.cpu.endian" value="little"/>
    <property name="user.home" value="C:\Users\Gileno OP"/>
    <property name="user.language" value="pt"/>
    <property name="java.specification.vendor" value="Oracle Corporation"/>
    <property name="java.home" value="C:\Program Files\Java\jdk1.8.0_351\jre"/>
    <property name="basedir" value="C:\Users\Gileno OP\OneDrive - Metatron\Área de Trabalho\Curso Automacao\AutTestesAvancaComSeleniumJava"/>
    <property name="file.separator" value="\"/>
    <property name="line.separator" value="&#10;"/>
    <property name="java.vm.specification.vendor" value="Oracle Corporation"/>
    <property name="java.specification.name" value="Java Platform API Specification"/>
    <property name="java.awt.graphicsenv" value="sun.awt.Win32GraphicsEnvironment"/>
    <property name="surefire.real.class.path" value="C:\Users\Gileno OP\AppData\Local\Temp\surefire407139147571604482\surefirebooter-20230213203145380_3.jar"/>
    <property name="sun.boot.class.path" value="C:\Program Files\Java\jdk1.8.0_351\jre\lib\resources.jar;C:\Program Files\Java\jdk1.8.0_351\jre\lib\rt.jar;C:\Program Files\Java\jdk1.8.0_351\jre\lib\jsse.jar;C:\Program Files\Java\jdk1.8.0_351\jre\lib\jce.jar;C:\Program Files\Java\jdk1.8.0_351\jre\lib\charsets.jar;C:\Program Files\Java\jdk1.8.0_351\jre\lib\jfr.jar;C:\Program Files\Java\jdk1.8.0_351\jre\classes"/>
    <property name="user.script" value=""/>
    <property name="sun.management.compiler" value="HotSpot 64-Bit Tiered Compilers"/>
    <property name="java.runtime.version" value="1.8.0_351-b10"/>
    <property name="user.name" value="Gileno OP"/>
    <property name="path.separator" value=";"/>
    <property name="os.version" value="10.0"/>
    <property name="java.endorsed.dirs" value="C:\Program Files\Java\jdk1.8.0_351\jre\lib\endorsed"/>
    <property name="java.runtime.name" value="Java(TM) SE Runtime Environment"/>
    <property name="file.encoding" value="Cp1252"/>
    <property name="browser" value="chrome"/>
    <property name="java.vm.name" value="Java HotSpot(TM) 64-Bit Server VM"/>
    <property name="localRepository" value="C:\Users\Gileno OP\.m2\repository"/>
    <property name="java.vendor.url.bug" value="http://bugreport.sun.com/bugreport/"/>
    <property name="java.io.tmpdir" value="C:\Users\GILENO~1\AppData\Local\Temp\"/>
    <property name="java.version" value="1.8.0_351"/>
    <property name="user.dir" value="C:\Users\Gileno OP\OneDrive - Metatron\Área de Trabalho\Curso Automacao\AutTestesAvancaComSeleniumJava"/>
    <property name="os.arch" value="amd64"/>
    <property name="java.vm.specification.name" value="Java Virtual Machine Specification"/>
    <property name="java.awt.printerjob" value="sun.awt.windows.WPrinterJob"/>
    <property name="sun.os.patch.level" value=""/>
    <property name="java.library.path" value="C:\Program Files\Java\jdk1.8.0_351\jre\bin;C:\WINDOWS\Sun\Java\bin;C:\WINDOWS\system32;C:\WINDOWS;C:\Program Files\PowerShell\7;C:\Program Files (x86)\Common Files\Oracle\Java\javapath;C:\WINDOWS\system32;C:\WINDOWS;C:\WINDOWS\System32\Wbem;C:\WINDOWS\System32\WindowsPowerShell\v1.0\;C:\apache-maven-3.8.6\bin;C:\Program Files\Java\jdk1.8.0_351\bin\bin;C:\Program Files\dotnet\;C:\Program Files\Git\cmd;C:\Program Files\PowerShell\7\;C:\Program Files\NVIDIA Corporation\NVIDIA NvDLISR;C:\Users\Gileno OP\AppData\Local\Microsoft\WindowsApps;C:\Program Files\Java\jdk1.8.0_351\bin;;."/>
    <property name="java.vm.info" value="mixed mode"/>
    <property name="java.vendor" value="Oracle Corporation"/>
    <property name="java.vm.version" value="25.351-b10"/>
    <property name="java.specification.maintenance.version" value="4"/>
    <property name="java.ext.dirs" value="C:\Program Files\Java\jdk1.8.0_351\jre\lib\ext;C:\WINDOWS\Sun\Java\lib\ext"/>
    <property name="sun.io.unicode.encoding" value="UnicodeLittle"/>
    <property name="java.class.version" value="52.0"/>
  </properties>
  <testcase name="Dado que estou na tela de cadastro de usuários" classname="|  |  |  | O campo nome deve ser prenchido | Realizar cadastro sem preencher campo obrigatórios |" time="0.001">
    <system-err><![CDATA[Starting ChromeDriver 109.0.5414.74 (e7c5703604daa9cc128ccf5a5d3e993513758913-refs/branch-heads/5414@{#1172}) on port 48636
Only local connections are allowed.
Please see https://chromedriver.chromium.org/security-considerations for suggestions on keeping ChromeDriver safe.
ChromeDriver was started successfully.
]]></system-err>
  </testcase>
  <testcase name="Quando preencho os campos nome&quot;&quot;,email&quot;&quot;e senha&quot;&quot;" classname="|  |  |  | O campo nome deve ser prenchido | Realizar cadastro sem preencher campo obrigatórios |" time="0"/>
  <testcase name="E clico no botão de cadastrar" classname="|  |  |  | O campo nome deve ser prenchido | Realizar cadastro sem preencher campo obrigatórios |" time="0.001"/>
  <testcase name="Então sistema apresenta mensagem&quot;O campo nome deve ser prenchido&quot; na tela de cadastro" classname="|  |  |  | O campo nome deve ser prenchido | Realizar cadastro sem preencher campo obrigatórios |" time="0"/>
  <testcase name="" classname="|  |  |  | O campo nome deve ser prenchido | Realizar cadastro sem preencher campo obrigatórios |" time="0.006">
    <system-out><![CDATA[==================================================================================================================================================================================================================
Teste executado: &amp#27;[1;33mValidar: Realizar cadastro sem preencher campo obrigatórios&amp#27;[0m
Status: &amp#27;[1;32mpassed&amp#27;[0m
Tag: [@cadastro, @cadastro-erro]
==================================================================================================================================================================================================================
==================================================================================================================================================================================================================
Teste executado: &amp#27;[1;33mValidar: Realizar cadastro sem preencher campo obrigatórios&amp#27;[0m
Status: &amp#27;[1;32mpassed&amp#27;[0m
Tag: [@cadastro, @cadastro-erro]
==================================================================================================================================================================================================================
]]></system-out>
  </testcase>
  <testcase name="Dado que estou na tela de cadastro de usuários" classname="|  | joao.almeida@teste.com | 123456 | O campo nome deve ser prenchido | Realizar cadastro sem preencher campo Nome |" time="0">
    <system-err><![CDATA[Starting ChromeDriver 109.0.5414.74 (e7c5703604daa9cc128ccf5a5d3e993513758913-refs/branch-heads/5414@{#1172}) on port 2184
Only local connections are allowed.
Please see https://chromedriver.chromium.org/security-considerations for suggestions on keeping ChromeDriver safe.
ChromeDriver was started successfully.
]]></system-err>
  </testcase>
  <testcase name="Quando preencho os campos nome&quot;&quot;,email&quot;joao.almeida@teste.com&quot;e senha&quot;123456&quot;" classname="|  | joao.almeida@teste.com | 123456 | O campo nome deve ser prenchido | Realizar cadastro sem preencher campo Nome |" time="0"/>
  <testcase name="E clico no botão de cadastrar" classname="|  | joao.almeida@teste.com | 123456 | O campo nome deve ser prenchido | Realizar cadastro sem preencher campo Nome |" time="0"/>
  <testcase name="Então sistema apresenta mensagem&quot;O campo nome deve ser prenchido&quot; na tela de cadastro" classname="|  | joao.almeida@teste.com | 123456 | O campo nome deve ser prenchido | Realizar cadastro sem preencher campo Nome |" time="0"/>
  <testcase name="" classname="|  | joao.almeida@teste.com | 123456 | O campo nome deve ser prenchido | Realizar cadastro sem preencher campo Nome |" time="0.004">
    <system-out><![CDATA[==================================================================================================================================================================================================================
Teste executado: &amp#27;[1;33mValidar: Realizar cadastro sem preencher campo Nome&amp#27;[0m
Status: &amp#27;[1;32mpassed&amp#27;[0m
Tag: [@cadastro, @cadastro-erro]
==================================================================================================================================================================================================================
==================================================================================================================================================================================================================
Teste executado: &amp#27;[1;33mValidar: Realizar cadastro sem preencher campo Nome&amp#27;[0m
Status: &amp#27;[1;32mpassed&amp#27;[0m
Tag: [@cadastro, @cadastro-erro]
==================================================================================================================================================================================================================
]]></system-out>
  </testcase>
  <testcase name="Dado que estou na tela de cadastro de usuários" classname="| João de Almeida |  | 123456 | O campo e-mail deve ser prenchido corretamente | Realizar cadastro sem preencher campo E-mail |" time="0">
    <system-err><![CDATA[Starting ChromeDriver 109.0.5414.74 (e7c5703604daa9cc128ccf5a5d3e993513758913-refs/branch-heads/5414@{#1172}) on port 9567
Only local connections are allowed.
Please see https://chromedriver.chromium.org/security-considerations for suggestions on keeping ChromeDriver safe.
ChromeDriver was started successfully.
]]></system-err>
  </testcase>
  <testcase name="Quando preencho os campos nome&quot;João de Almeida&quot;,email&quot;&quot;e senha&quot;123456&quot;" classname="| João de Almeida |  | 123456 | O campo e-mail deve ser prenchido corretamente | Realizar cadastro sem preencher campo E-mail |" time="0"/>
  <testcase name="E clico no botão de cadastrar" classname="| João de Almeida |  | 123456 | O campo e-mail deve ser prenchido corretamente | Realizar cadastro sem preencher campo E-mail |" time="0"/>
  <testcase name="Então sistema apresenta mensagem&quot;O campo e-mail deve ser prenchido corretamente&quot; na tela de cadastro" classname="| João de Almeida |  | 123456 | O campo e-mail deve ser prenchido corretamente | Realizar cadastro sem preencher campo E-mail |" time="0"/>
  <testcase name="" classname="| João de Almeida |  | 123456 | O campo e-mail deve ser prenchido corretamente | Realizar cadastro sem preencher campo E-mail |" time="0.003">
    <system-out><![CDATA[==================================================================================================================================================================================================================
Teste executado: &amp#27;[1;33mValidar: Realizar cadastro sem preencher campo E-mail&amp#27;[0m
Status: &amp#27;[1;32mpassed&amp#27;[0m
Tag: [@cadastro, @cadastro-erro]
==================================================================================================================================================================================================================
==================================================================================================================================================================================================================
Teste executado: &amp#27;[1;33mValidar: Realizar cadastro sem preencher campo E-mail&amp#27;[0m
Status: &amp#27;[1;32mpassed&amp#27;[0m
Tag: [@cadastro, @cadastro-erro]
==================================================================================================================================================================================================================
]]></system-out>
  </testcase>
  <testcase name="Dado que estou na tela de cadastro de usuários" classname="| João de Almeida | joao.almeida@teste.com |  | O campo senha deve ter pelo menos 6 dígitos | Realizar cadastro sem preencher campo Senha |" time="0">
    <system-err><![CDATA[Starting ChromeDriver 109.0.5414.74 (e7c5703604daa9cc128ccf5a5d3e993513758913-refs/branch-heads/5414@{#1172}) on port 8655
Only local connections are allowed.
Please see https://chromedriver.chromium.org/security-considerations for suggestions on keeping ChromeDriver safe.
ChromeDriver was started successfully.
]]></system-err>
  </testcase>
  <testcase name="Quando preencho os campos nome&quot;João de Almeida&quot;,email&quot;joao.almeida@teste.com&quot;e senha&quot;&quot;" classname="| João de Almeida | joao.almeida@teste.com |  | O campo senha deve ter pelo menos 6 dígitos | Realizar cadastro sem preencher campo Senha |" time="0"/>
  <testcase name="E clico no botão de cadastrar" classname="| João de Almeida | joao.almeida@teste.com |  | O campo senha deve ter pelo menos 6 dígitos | Realizar cadastro sem preencher campo Senha |" time="0"/>
  <testcase name="Então sistema apresenta mensagem&quot;O campo senha deve ter pelo menos 6 dígitos&quot; na tela de cadastro" classname="| João de Almeida | joao.almeida@teste.com |  | O campo senha deve ter pelo menos 6 dígitos | Realizar cadastro sem preencher campo Senha |" time="0"/>
  <testcase name="" classname="| João de Almeida | joao.almeida@teste.com |  | O campo senha deve ter pelo menos 6 dígitos | Realizar cadastro sem preencher campo Senha |" time="0.004">
    <system-out><![CDATA[==================================================================================================================================================================================================================
Teste executado: &amp#27;[1;33mValidar: Realizar cadastro sem preencher campo Senha&amp#27;[0m
Status: &amp#27;[1;32mpassed&amp#27;[0m
Tag: [@cadastro, @cadastro-erro]
==================================================================================================================================================================================================================
==================================================================================================================================================================================================================
Teste executado: &amp#27;[1;33mValidar: Realizar cadastro sem preencher campo Senha&amp#27;[0m
Status: &amp#27;[1;32mpassed&amp#27;[0m
Tag: [@cadastro, @cadastro-erro]
==================================================================================================================================================================================================================
]]></system-out>
  </testcase>
  <testcase name="Dado que estou na tela de cadastro de usuários" classname="| João de Almeida | joao.almeida@ | 123456 | O campo e-mail deve ser prenchido corretamente | Realizar cadastro com e-mail inválido |" time="0">
    <system-err><![CDATA[Starting ChromeDriver 109.0.5414.74 (e7c5703604daa9cc128ccf5a5d3e993513758913-refs/branch-heads/5414@{#1172}) on port 36146
Only local connections are allowed.
Please see https://chromedriver.chromium.org/security-considerations for suggestions on keeping ChromeDriver safe.
ChromeDriver was started successfully.
]]></system-err>
  </testcase>
  <testcase name="Quando preencho os campos nome&quot;João de Almeida&quot;,email&quot;joao.almeida@&quot;e senha&quot;123456&quot;" classname="| João de Almeida | joao.almeida@ | 123456 | O campo e-mail deve ser prenchido corretamente | Realizar cadastro com e-mail inválido |" time="0"/>
  <testcase name="E clico no botão de cadastrar" classname="| João de Almeida | joao.almeida@ | 123456 | O campo e-mail deve ser prenchido corretamente | Realizar cadastro com e-mail inválido |" time="0"/>
  <testcase name="Então sistema apresenta mensagem&quot;O campo e-mail deve ser prenchido corretamente&quot; na tela de cadastro" classname="| João de Almeida | joao.almeida@ | 123456 | O campo e-mail deve ser prenchido corretamente | Realizar cadastro com e-mail inválido |" time="0"/>
  <testcase name="" classname="| João de Almeida | joao.almeida@ | 123456 | O campo e-mail deve ser prenchido corretamente | Realizar cadastro com e-mail inválido |" time="0.003">
    <system-out><![CDATA[==================================================================================================================================================================================================================
Teste executado: &amp#27;[1;33mValidar: Realizar cadastro com e-mail inválido&amp#27;[0m
Status: &amp#27;[1;32mpassed&amp#27;[0m
Tag: [@cadastro, @cadastro-erro]
==================================================================================================================================================================================================================
==================================================================================================================================================================================================================
Teste executado: &amp#27;[1;33mValidar: Realizar cadastro com e-mail inválido&amp#27;[0m
Status: &amp#27;[1;32mpassed&amp#27;[0m
Tag: [@cadastro, @cadastro-erro]
==================================================================================================================================================================================================================
]]></system-out>
  </testcase>
  <testcase name="Dado que estou na tela de cadastro de usuários" classname="| João de Almeida | joao.almeida@teste.com | 123 | O campo senha deve ter pelo menos 6 dígitos | Realizar cadastro com senha inválida |" time="0">
    <system-err><![CDATA[Starting ChromeDriver 109.0.5414.74 (e7c5703604daa9cc128ccf5a5d3e993513758913-refs/branch-heads/5414@{#1172}) on port 19950
Only local connections are allowed.
Please see https://chromedriver.chromium.org/security-considerations for suggestions on keeping ChromeDriver safe.
ChromeDriver was started successfully.
]]></system-err>
  </testcase>
  <testcase name="Quando preencho os campos nome&quot;João de Almeida&quot;,email&quot;joao.almeida@teste.com&quot;e senha&quot;123&quot;" classname="| João de Almeida | joao.almeida@teste.com | 123 | O campo senha deve ter pelo menos 6 dígitos | Realizar cadastro com senha inválida |" time="0"/>
  <testcase name="E clico no botão de cadastrar" classname="| João de Almeida | joao.almeida@teste.com | 123 | O campo senha deve ter pelo menos 6 dígitos | Realizar cadastro com senha inválida |" time="0"/>
  <testcase name="Então sistema apresenta mensagem&quot;O campo senha deve ter pelo menos 6 dígitos&quot; na tela de cadastro" classname="| João de Almeida | joao.almeida@teste.com | 123 | O campo senha deve ter pelo menos 6 dígitos | Realizar cadastro com senha inválida |" time="0"/>
  <testcase name="" classname="| João de Almeida | joao.almeida@teste.com | 123 | O campo senha deve ter pelo menos 6 dígitos | Realizar cadastro com senha inválida |" time="0.001">
    <system-out><![CDATA[==================================================================================================================================================================================================================
Teste executado: &amp#27;[1;33mValidar: Realizar cadastro com senha inválida&amp#27;[0m
Status: &amp#27;[1;32mpassed&amp#27;[0m
Tag: [@cadastro, @cadastro-erro]
==================================================================================================================================================================================================================
==================================================================================================================================================================================================================
Teste executado: &amp#27;[1;33mValidar: Realizar cadastro com senha inválida&amp#27;[0m
Status: &amp#27;[1;32mpassed&amp#27;[0m
Tag: [@cadastro, @cadastro-erro]
==================================================================================================================================================================================================================
]]></system-out>
  </testcase>
  <testcase name="Dado que estou na tela de cadastro de usuários" classname="Cenário: Realizar cadastro de usuário com sucesso" time="0">
    <system-err><![CDATA[Starting ChromeDriver 109.0.5414.74 (e7c5703604daa9cc128ccf5a5d3e993513758913-refs/branch-heads/5414@{#1172}) on port 44785
Only local connections are allowed.
Please see https://chromedriver.chromium.org/security-considerations for suggestions on keeping ChromeDriver safe.
ChromeDriver was started successfully.
]]></system-err>
  </testcase>
  <testcase name="Quando preencho campos obrigatórios cadastro" classname="Cenário: Realizar cadastro de usuário com sucesso" time="0"/>
  <testcase name="E clico no botão cadastrar" classname="Cenário: Realizar cadastro de usuário com sucesso" time="0"/>
  <testcase name="Então sistema realiza cadastro de usuário com sucesso" classname="Cenário: Realizar cadastro de usuário com sucesso" time="0"/>
  <testcase name="" classname="Cenário: Realizar cadastro de usuário com sucesso" time="0.005">
    <system-out><![CDATA[==================================================================================================================================================================================================================
Teste executado: &amp#27;[1;33mRealizar cadastro de usuário com sucesso&amp#27;[0m
Status: &amp#27;[1;32mpassed&amp#27;[0m
Tag: [@cadastro-sucesso, @cadastro]
==================================================================================================================================================================================================================
==================================================================================================================================================================================================================
Teste executado: &amp#27;[1;33mRealizar cadastro de usuário com sucesso&amp#27;[0m
Status: &amp#27;[1;32mpassed&amp#27;[0m
Tag: [@cadastro-sucesso, @cadastro]
==================================================================================================================================================================================================================
]]></system-out>
  </testcase>
  <testcase name="Dado que estou na tela de login" classname="|  |  | E-mail inválido. | Realizar login sem preencher campos obrigatórios |" time="0">
    <system-err><![CDATA[Starting ChromeDriver 109.0.5414.74 (e7c5703604daa9cc128ccf5a5d3e993513758913-refs/branch-heads/5414@{#1172}) on port 11079
Only local connections are allowed.
Please see https://chromedriver.chromium.org/security-considerations for suggestions on keeping ChromeDriver safe.
ChromeDriver was started successfully.
]]></system-err>
  </testcase>
  <testcase name="Quando preencho o campo email&quot;&quot; e senha&quot;&quot;" classname="|  |  | E-mail inválido. | Realizar login sem preencher campos obrigatórios |" time="0"/>
  <testcase name="E clico no botão de login" classname="|  |  | E-mail inválido. | Realizar login sem preencher campos obrigatórios |" time="0"/>
  <testcase name="Então sistema apresenta mensagem&quot;E-mail inválido.&quot; na tela de login" classname="|  |  | E-mail inválido. | Realizar login sem preencher campos obrigatórios |" time="0"/>
  <testcase name="" classname="|  |  | E-mail inválido. | Realizar login sem preencher campos obrigatórios |" time="0.002">
    <system-out><![CDATA[==================================================================================================================================================================================================================
Teste executado: &amp#27;[1;33mValidar: Realizar login sem preencher campos obrigatórios&amp#27;[0m
Status: &amp#27;[1;32mpassed&amp#27;[0m
Tag: [@login-erro, @login]
==================================================================================================================================================================================================================
==================================================================================================================================================================================================================
Teste executado: &amp#27;[1;33mValidar: Realizar login sem preencher campos obrigatórios&amp#27;[0m
Status: &amp#27;[1;32mpassed&amp#27;[0m
Tag: [@login-erro, @login]
==================================================================================================================================================================================================================
]]></system-out>
  </testcase>
  <testcase name="Dado que estou na tela de login" classname="|  | 123456 | E-mail inválido. | Realizar login sem preencher campo e-mail |" time="0">
    <system-err><![CDATA[Starting ChromeDriver 109.0.5414.74 (e7c5703604daa9cc128ccf5a5d3e993513758913-refs/branch-heads/5414@{#1172}) on port 43760
Only local connections are allowed.
Please see https://chromedriver.chromium.org/security-considerations for suggestions on keeping ChromeDriver safe.
ChromeDriver was started successfully.
]]></system-err>
  </testcase>
  <testcase name="Quando preencho o campo email&quot;&quot; e senha&quot;123456&quot;" classname="|  | 123456 | E-mail inválido. | Realizar login sem preencher campo e-mail |" time="0"/>
  <testcase name="E clico no botão de login" classname="|  | 123456 | E-mail inválido. | Realizar login sem preencher campo e-mail |" time="0"/>
  <testcase name="Então sistema apresenta mensagem&quot;E-mail inválido.&quot; na tela de login" classname="|  | 123456 | E-mail inválido. | Realizar login sem preencher campo e-mail |" time="0"/>
  <testcase name="" classname="|  | 123456 | E-mail inválido. | Realizar login sem preencher campo e-mail |" time="0.003">
    <system-out><![CDATA[==================================================================================================================================================================================================================
Teste executado: &amp#27;[1;33mValidar: Realizar login sem preencher campo e-mail&amp#27;[0m
Status: &amp#27;[1;32mpassed&amp#27;[0m
Tag: [@login-erro, @login]
==================================================================================================================================================================================================================
==================================================================================================================================================================================================================
Teste executado: &amp#27;[1;33mValidar: Realizar login sem preencher campo e-mail&amp#27;[0m
Status: &amp#27;[1;32mpassed&amp#27;[0m
Tag: [@login-erro, @login]
==================================================================================================================================================================================================================
]]></system-out>
  </testcase>
  <testcase name="Dado que estou na tela de login" classname="| ateste@ateste.com.br |  | Senha inválida. | Realizar login sem preencher campo senha |" time="0">
    <system-err><![CDATA[Starting ChromeDriver 109.0.5414.74 (e7c5703604daa9cc128ccf5a5d3e993513758913-refs/branch-heads/5414@{#1172}) on port 17545
Only local connections are allowed.
Please see https://chromedriver.chromium.org/security-considerations for suggestions on keeping ChromeDriver safe.
ChromeDriver was started successfully.
]]></system-err>
  </testcase>
  <testcase name="Quando preencho o campo email&quot;ateste@ateste.com.br&quot; e senha&quot;&quot;" classname="| ateste@ateste.com.br |  | Senha inválida. | Realizar login sem preencher campo senha |" time="0"/>
  <testcase name="E clico no botão de login" classname="| ateste@ateste.com.br |  | Senha inválida. | Realizar login sem preencher campo senha |" time="0"/>
  <testcase name="Então sistema apresenta mensagem&quot;Senha inválida.&quot; na tela de login" classname="| ateste@ateste.com.br |  | Senha inválida. | Realizar login sem preencher campo senha |" time="0"/>
  <testcase name="" classname="| ateste@ateste.com.br |  | Senha inválida. | Realizar login sem preencher campo senha |" time="0.002">
    <system-out><![CDATA[==================================================================================================================================================================================================================
Teste executado: &amp#27;[1;33mValidar: Realizar login sem preencher campo senha&amp#27;[0m
Status: &amp#27;[1;32mpassed&amp#27;[0m
Tag: [@login-erro, @login]
==================================================================================================================================================================================================================
==================================================================================================================================================================================================================
Teste executado: &amp#27;[1;33mValidar: Realizar login sem preencher campo senha&amp#27;[0m
Status: &amp#27;[1;32mpassed&amp#27;[0m
Tag: [@login-erro, @login]
==================================================================================================================================================================================================================
]]></system-out>
  </testcase>
  <testcase name="Dado que estou na tela de login" classname="| ateste@ateste | 123456 | E-mail inválido. | Realizar login informando e-mail inválido |" time="0">
    <system-err><![CDATA[Starting ChromeDriver 109.0.5414.74 (e7c5703604daa9cc128ccf5a5d3e993513758913-refs/branch-heads/5414@{#1172}) on port 14258
Only local connections are allowed.
Please see https://chromedriver.chromium.org/security-considerations for suggestions on keeping ChromeDriver safe.
ChromeDriver was started successfully.
]]></system-err>
  </testcase>
  <testcase name="Quando preencho o campo email&quot;ateste@ateste&quot; e senha&quot;123456&quot;" classname="| ateste@ateste | 123456 | E-mail inválido. | Realizar login informando e-mail inválido |" time="0"/>
  <testcase name="E clico no botão de login" classname="| ateste@ateste | 123456 | E-mail inválido. | Realizar login informando e-mail inválido |" time="0"/>
  <testcase name="Então sistema apresenta mensagem&quot;E-mail inválido.&quot; na tela de login" classname="| ateste@ateste | 123456 | E-mail inválido. | Realizar login informando e-mail inválido |" time="0"/>
  <testcase name="" classname="| ateste@ateste | 123456 | E-mail inválido. | Realizar login informando e-mail inválido |" time="0.003">
    <system-out><![CDATA[==================================================================================================================================================================================================================
Teste executado: &amp#27;[1;33mValidar: Realizar login informando e-mail inválido&amp#27;[0m
Status: &amp#27;[1;32mpassed&amp#27;[0m
Tag: [@login-erro, @login]
==================================================================================================================================================================================================================
==================================================================================================================================================================================================================
Teste executado: &amp#27;[1;33mValidar: Realizar login informando e-mail inválido&amp#27;[0m
Status: &amp#27;[1;32mpassed&amp#27;[0m
Tag: [@login-erro, @login]
==================================================================================================================================================================================================================
]]></system-out>
  </testcase>
  <testcase name="Dado que estou na tela de login" classname="| ateste@ateste.com.br | 123 | Senha inválida. | Realizar login informando senha inválida |" time="0">
    <system-err><![CDATA[Starting ChromeDriver 109.0.5414.74 (e7c5703604daa9cc128ccf5a5d3e993513758913-refs/branch-heads/5414@{#1172}) on port 15893
Only local connections are allowed.
Please see https://chromedriver.chromium.org/security-considerations for suggestions on keeping ChromeDriver safe.
ChromeDriver was started successfully.
]]></system-err>
  </testcase>
  <testcase name="Quando preencho o campo email&quot;ateste@ateste.com.br&quot; e senha&quot;123&quot;" classname="| ateste@ateste.com.br | 123 | Senha inválida. | Realizar login informando senha inválida |" time="0"/>
  <testcase name="E clico no botão de login" classname="| ateste@ateste.com.br | 123 | Senha inválida. | Realizar login informando senha inválida |" time="0"/>
  <testcase name="Então sistema apresenta mensagem&quot;Senha inválida.&quot; na tela de login" classname="| ateste@ateste.com.br | 123 | Senha inválida. | Realizar login informando senha inválida |" time="0"/>
  <testcase name="" classname="| ateste@ateste.com.br | 123 | Senha inválida. | Realizar login informando senha inválida |" time="0.001">
    <system-out><![CDATA[==================================================================================================================================================================================================================
Teste executado: &amp#27;[1;33mValidar: Realizar login informando senha inválida&amp#27;[0m
Status: &amp#27;[1;32mpassed&amp#27;[0m
Tag: [@login-erro, @login]
==================================================================================================================================================================================================================
==================================================================================================================================================================================================================
Teste executado: &amp#27;[1;33mValidar: Realizar login informando senha inválida&amp#27;[0m
Status: &amp#27;[1;32mpassed&amp#27;[0m
Tag: [@login-erro, @login]
==================================================================================================================================================================================================================
]]></system-out>
  </testcase>
  <testcase name="Dado que estou na tela de login" classname="Cenário: Realizar login com sucesso" time="0">
    <system-err><![CDATA[Starting ChromeDriver 109.0.5414.74 (e7c5703604daa9cc128ccf5a5d3e993513758913-refs/branch-heads/5414@{#1172}) on port 42397
Only local connections are allowed.
Please see https://chromedriver.chromium.org/security-considerations for suggestions on keeping ChromeDriver safe.
ChromeDriver was started successfully.
]]></system-err>
  </testcase>
  <testcase name="Quando preencho campos obrigatórios login" classname="Cenário: Realizar login com sucesso" time="0"/>
  <testcase name="E clico no botão de login" classname="Cenário: Realizar login com sucesso" time="0"/>
  <testcase name="Então sistema realiza login com sucesso" classname="Cenário: Realizar login com sucesso" time="0"/>
  <testcase name="" classname="Cenário: Realizar login com sucesso" time="0.003">
    <system-out><![CDATA[==================================================================================================================================================================================================================
Teste executado: &amp#27;[1;33mRealizar login com sucesso&amp#27;[0m
Status: &amp#27;[1;32mpassed&amp#27;[0m
Tag: [@login-sucesso, @login]
==================================================================================================================================================================================================================
==================================================================================================================================================================================================================
Teste executado: &amp#27;[1;33mRealizar login com sucesso&amp#27;[0m
Status: &amp#27;[1;32mpassed&amp#27;[0m
Tag: [@login-sucesso, @login]
==================================================================================================================================================================================================================
]]></system-out>
  </testcase>
  <testcase name="Dado que estou na tela de login" classname="Cenário: Realizar logoff com sucesso" time="0">
    <system-err><![CDATA[Starting ChromeDriver 109.0.5414.74 (e7c5703604daa9cc128ccf5a5d3e993513758913-refs/branch-heads/5414@{#1172}) on port 26258
Only local connections are allowed.
Please see https://chromedriver.chromium.org/security-considerations for suggestions on keeping ChromeDriver safe.
ChromeDriver was started successfully.
]]></system-err>
  </testcase>
  <testcase name="Dado estou logado na aplicação" classname="Cenário: Realizar logoff com sucesso" time="0"/>
  <testcase name="Quando passo o mouse sobre o menu do nome do usuário logado no header" classname="Cenário: Realizar logoff com sucesso" time="0"/>
  <testcase name="Quando clico em Logoff" classname="Cenário: Realizar logoff com sucesso" time="0"/>
  <testcase name="Então sistema realiza o logoff com sucesso" classname="Cenário: Realizar logoff com sucesso" time="0"/>
  <testcase name="" classname="Cenário: Realizar logoff com sucesso" time="0.003">
    <system-out><![CDATA[==================================================================================================================================================================================================================
Teste executado: &amp#27;[1;33mRealizar logoff com sucesso&amp#27;[0m
Status: &amp#27;[1;32mpassed&amp#27;[0m
Tag: [@login, @logoff-sucesso]
==================================================================================================================================================================================================================
==================================================================================================================================================================================================================
Teste executado: &amp#27;[1;33mRealizar logoff com sucesso&amp#27;[0m
Status: &amp#27;[1;32mpassed&amp#27;[0m
Tag: [@login, @logoff-sucesso]
==================================================================================================================================================================================================================
]]></system-out>
  </testcase>
  <testcase name="Dado que estou na tela de login" classname="Cenário: Acessar tela de cadastro de usuários via link nao tenho conta" time="0">
    <system-err><![CDATA[Starting ChromeDriver 109.0.5414.74 (e7c5703604daa9cc128ccf5a5d3e993513758913-refs/branch-heads/5414@{#1172}) on port 36919
Only local connections are allowed.
Please see https://chromedriver.chromium.org/security-considerations for suggestions on keeping ChromeDriver safe.
ChromeDriver was started successfully.
]]></system-err>
  </testcase>
  <testcase name="Quando clico no link informando não ter conta" classname="Cenário: Acessar tela de cadastro de usuários via link nao tenho conta" time="0"/>
  <testcase name="Então sistema apresenta tela de cadastro de usuário" classname="Cenário: Acessar tela de cadastro de usuários via link nao tenho conta" time="0"/>
  <testcase name="" classname="Cenário: Acessar tela de cadastro de usuários via link nao tenho conta" time="0.003">
    <system-out><![CDATA[==================================================================================================================================================================================================================
Teste executado: &amp#27;[1;33mAcessar tela de cadastro de usuários via link nao tenho conta&amp#27;[0m
Status: &amp#27;[1;32mpassed&amp#27;[0m
Tag: [@login, @link-nao-tenho-conta]
==================================================================================================================================================================================================================
==================================================================================================================================================================================================================
Teste executado: &amp#27;[1;33mAcessar tela de cadastro de usuários via link nao tenho conta&amp#27;[0m
Status: &amp#27;[1;32mpassed&amp#27;[0m
Tag: [@login, @link-nao-tenho-conta]
==================================================================================================================================================================================================================
]]></system-out>
  </testcase>
</testsuite>